#
# There is insufficient memory for the Java Runtime Environment to continue.
# Native memory allocation (malloc) failed to allocate 1048576 bytes for AllocateHeap
# Possible reasons:
#   The system is out of physical RAM or swap space
#   The process is running with CompressedOops enabled, and the Java Heap may be blocking the growth of the native heap
# Possible solutions:
#   Reduce memory load on the system
#   Increase physical memory or swap space
#   Check if swap backing store is full
#   Decrease Java heap size (-Xmx/-Xms)
#   Decrease number of Java threads
#   Decrease Java thread stack sizes (-Xss)
#   Set larger code cache with -XX:ReservedCodeCacheSize=
#   JVM is running with Unscaled Compressed Oops mode in which the Java heap is
#     placed in the first 4GB address space. The Java Heap base address is the
#     maximum limit for the native heap growth. Please use -XX:HeapBaseMinAddress
#     to set the Java Heap base and to place the Java Heap above 4GB virtual address.
# This output file may be truncated or incomplete.
#
#  Out of Memory Error (memory/allocation.inline.hpp:61), pid=5312, tid=0x00000000000021c4
#
# JRE version:  (8.0_241-b07) (build )
# Java VM: Java HotSpot(TM) 64-Bit Server VM (25.241-b07 mixed mode windows-amd64 compressed oops)
# Failed to write core dump. Minidumps are not enabled by default on client versions of Windows
#

---------------  T H R E A D  ---------------

Current thread (0x000000000244d000):  JavaThread "Unknown thread" [_thread_in_vm, id=8644, stack(0x0000000002660000,0x0000000002760000)]

Stack: [0x0000000002660000,0x0000000002760000]
[error occurred during error reporting (printing stack bounds), id 0xc0000005]

Native frames: (J=compiled Java code, j=interpreted, Vv=VM code, C=native code)


---------------  P R O C E S S  ---------------

Java Threads: ( => current thread )

Other Threads:

=>0x000000000244d000 (exited) JavaThread "Unknown thread" [_thread_in_vm, id=8644, stack(0x0000000002660000,0x0000000002760000)]

VM state:not at safepoint (normal execution)

VM Mutex/Monitor currently owned by a thread: None

heap address: 0x0000000081600000, size: 2026 MB, Compressed Oops mode: 32-bit
Narrow klass base: 0x0000000000000000, Narrow klass shift: 0
Compressed class space size: 1073741824 Address: 0x000000001e010000

Heap:
 PSYoungGen      total 38400K, used 665K [0x00000000d5d00000, 0x00000000d8780000, 0x0000000100000000)
  eden space 33280K, 2% used [0x00000000d5d00000,0x00000000d5da6670,0x00000000d7d80000)
  from space 5120K, 0% used [0x00000000d8280000,0x00000000d8280000,0x00000000d8780000)
  to   space 5120K, 0% used [0x00000000d7d80000,0x00000000d7d80000,0x00000000d8280000)
 ParOldGen       total 87552K, used 0K [0x0000000081600000, 0x0000000086b80000, 0x00000000d5d00000)
  object space 87552K, 0% used [0x0000000081600000,0x0000000081600000,0x0000000086b80000)
 Metaspace       used 776K, capacity 4480K, committed 4480K, reserved 1056768K
  class space    used 76K, capacity 384K, committed 384K, reserved 1048576K

Card table byte_map: [0x0000000002d20000,0x0000000003120000] byte_map_base: 0x0000000002915000

Marking Bits: (ParMarkBitMap*) 0x000000000851be30
 Begin Bits: [0x00000000039a0000, 0x0000000005948000)
 End Bits:   [0x0000000005948000, 0x00000000078f0000)

Polling page: 0x0000000000240000

CodeCache: size=245760Kb used=328Kb max_used=328Kb free=245431Kb
 bounds [0x000000000f010000, 0x000000000f280000, 0x000000001e010000]
 total_blobs=58 nmethods=0 adapters=38
 compilation: enabled

Compilation events (0 events):
No events

GC Heap History (0 events):
No events

Deoptimization events (0 events):
No events

Classes redefined (0 events):
No events

Internal exceptions (0 events):
No events

Events (10 events):
Event: 0.039 loading class java/lang/Short
Event: 0.039 loading class java/lang/Short done
Event: 0.039 loading class java/lang/Integer
Event: 0.039 loading class java/lang/Integer done
Event: 0.039 loading class java/lang/Long
Event: 0.040 loading class java/lang/Long done
Event: 0.041 loading class java/lang/NullPointerException
Event: 0.041 loading class java/lang/NullPointerException done
Event: 0.041 loading class java/lang/ArithmeticException
Event: 0.041 loading class java/lang/ArithmeticException done


Dynamic libraries:
0x000000013fb20000 - 0x000000013fb57000 	D:\Java\jdk\soft\bin\java.exe
0x0000000076e40000 - 0x0000000076fdf000 	C:\Windows\SYSTEM32\ntdll.dll
0x0000000076d20000 - 0x0000000076e3f000 	C:\Windows\system32\kernel32.dll
0x000007fefce30000 - 0x000007fefce9a000 	C:\Windows\system32\KERNELBASE.dll
0x000007fefcfd0000 - 0x000007fefd0ab000 	C:\Windows\system32\ADVAPI32.DLL
0x000007fefeaf0000 - 0x000007fefeb8f000 	C:\Windows\system32\msvcrt.dll
0x000007fefeb90000 - 0x000007fefebaf000 	C:\Windows\SYSTEM32\sechost.dll
0x000007fefd120000 - 0x000007fefd24d000 	C:\Windows\system32\RPCRT4.dll
0x0000000076c20000 - 0x0000000076d1a000 	C:\Windows\system32\USER32.dll
0x000007fefd0b0000 - 0x000007fefd117000 	C:\Windows\system32\GDI32.dll
0x000007fefe9d0000 - 0x000007fefe9de000 	C:\Windows\system32\LPK.dll
0x000007fefd800000 - 0x000007fefd8cb000 	C:\Windows\system32\USP10.dll
0x000007fefa1f0000 - 0x000007fefa3e4000 	C:\Windows\WinSxS\amd64_microsoft.windows.common-controls_6595b64144ccf1df_6.0.7601.18837_none_fa3b1e3d17594757\COMCTL32.dll
0x000007fefd700000 - 0x000007fefd771000 	C:\Windows\system32\SHLWAPI.dll
0x000007fefe9a0000 - 0x000007fefe9ce000 	C:\Windows\system32\IMM32.DLL
0x000007fefe9e0000 - 0x000007fefeae9000 	C:\Windows\system32\MSCTF.dll
0x000007fefca40000 - 0x000007fefca71000 	C:\Windows\system32\nvinitx.dll
0x000007fefca30000 - 0x000007fefca3c000 	C:\Windows\system32\VERSION.dll
0x000000000f000000 - 0x000000000f006000 	C:\Program Files\NVIDIA Corporation\CoProcManager\detoured.dll
0x000007fef8f10000 - 0x000007fef8f42000 	C:\Program Files\NVIDIA Corporation\CoProcManager\nvd3d9wrapx.dll
0x000007fefd250000 - 0x000007fefd427000 	C:\Windows\system32\SETUPAPI.dll
0x000007fefcd50000 - 0x000007fefcd86000 	C:\Windows\system32\CFGMGR32.dll
0x000007fefced0000 - 0x000007fefcfaa000 	C:\Windows\system32\OLEAUT32.dll
0x000007fefeca0000 - 0x000007fefee9d000 	C:\Windows\system32\ole32.dll
0x000007fefceb0000 - 0x000007fefceca000 	C:\Windows\system32\DEVOBJ.dll
0x000007fef8ee0000 - 0x000007fef8f02000 	C:\Program Files\NVIDIA Corporation\CoProcManager\nvdxgiwrapx.dll
0x00000000675e0000 - 0x00000000676b2000 	D:\Java\jdk\soft\jre\bin\msvcr100.dll
0x0000000007cf0000 - 0x000000000859c000 	D:\Java\jdk\soft\jre\bin\server\jvm.dll
0x000007fef9210000 - 0x000007fef9219000 	C:\Windows\system32\WSOCK32.dll
0x000007fefebb0000 - 0x000007fefebfd000 	C:\Windows\system32\WS2_32.dll
0x000007fefe660000 - 0x000007fefe668000 	C:\Windows\system32\NSI.dll
0x000007fef8a60000 - 0x000007fef8a9b000 	C:\Windows\system32\WINMM.dll
0x0000000076fe0000 - 0x0000000076fe7000 	C:\Windows\system32\PSAPI.DLL
0x000007fef93c0000 - 0x000007fef93cf000 	D:\Java\jdk\soft\jre\bin\verify.dll
0x000007fef3ef0000 - 0x000007fef3f19000 	D:\Java\jdk\soft\jre\bin\java.dll
0x000007fef0d30000 - 0x000007fef0d53000 	D:\Java\jdk\soft\jre\bin\instrument.dll
0x000007fef3ed0000 - 0x000007fef3ee6000 	D:\Java\jdk\soft\jre\bin\zip.dll

VM Arguments:
jvm_args: -XX:TieredStopAtLevel=1 -Xverify:none -Dspring.output.ansi.enabled=always -Dcom.sun.management.jmxremote -Dspring.jmx.enabled=true -Dspring.liveBeansView.mbeanDomain -Dspring.application.admin.enabled=true -javaagent:D:\Java\idea\soft\IntelliJ IDEA 2019.2.4\lib\idea_rt.jar=55278:D:\Java\idea\soft\IntelliJ IDEA 2019.2.4\bin -Dfile.encoding=UTF-8 
java_command: com.gmall.GmallCartWebApplication
java_class_path (initial): D:\Java\jdk\soft\jre\lib\charsets.jar;D:\Java\jdk\soft\jre\lib\deploy.jar;D:\Java\jdk\soft\jre\lib\ext\access-bridge-64.jar;D:\Java\jdk\soft\jre\lib\ext\cldrdata.jar;D:\Java\jdk\soft\jre\lib\ext\dnsns.jar;D:\Java\jdk\soft\jre\lib\ext\jaccess.jar;D:\Java\jdk\soft\jre\lib\ext\jfxrt.jar;D:\Java\jdk\soft\jre\lib\ext\localedata.jar;D:\Java\jdk\soft\jre\lib\ext\nashorn.jar;D:\Java\jdk\soft\jre\lib\ext\sunec.jar;D:\Java\jdk\soft\jre\lib\ext\sunjce_provider.jar;D:\Java\jdk\soft\jre\lib\ext\sunmscapi.jar;D:\Java\jdk\soft\jre\lib\ext\sunpkcs11.jar;D:\Java\jdk\soft\jre\lib\ext\zipfs.jar;D:\Java\jdk\soft\jre\lib\javaws.jar;D:\Java\jdk\soft\jre\lib\jce.jar;D:\Java\jdk\soft\jre\lib\jfr.jar;D:\Java\jdk\soft\jre\lib\jfxswt.jar;D:\Java\jdk\soft\jre\lib\jsse.jar;D:\Java\jdk\soft\jre\lib\management-agent.jar;D:\Java\jdk\soft\jre\lib\plugin.jar;D:\Java\jdk\soft\jre\lib\resources.jar;D:\Java\jdk\soft\jre\lib\rt.jar;E:\WorlkSpacse\workSpace_idea\gmall\gmall-cart-web\target\classes;E:\WorlkSpacse\workSpace_idea\gmall\gmall-web-util\target\classes;D:\Java\maven\myrepository\io\jsonwebtoken\jjwt\0.9.0\jjwt-0.9.0.jar;D:\Java\maven\myrepository\com\fasterxml\jackson\core\jackson-databind\2.10.2\jackson-databind-2.10.2.jar;D:\Java\maven\myrepository\com\fasterxml\jackson\core\jackson-annotations\2.10.2\jackson-annotations-2.10.2.jar;D:\Java\maven\myrepository\com\fasterxml\jackson\core\jackson-core\2.10.2\jackson-core-2.10.2.jar;D:\Java\maven\myrepository\net\sourceforge\nekohtml\nekohtml\1.9.22\nekohtml-1.9.22.jar;D:\Java\maven\myrepository\xerces\xercesImpl\2.11.0\xercesImpl-2.11.0.jar;D:\Java\maven\myrepository\xml-apis\xml-apis\1.4.01\xml-apis-1.4.01.jar;D:\Java\maven\myrepository\com\alibaba\boot\dubbo-spring-boot-starter\0.1.0\dubbo-spring-boot-starter-0.1.0.jar;D:\Java\maven\myrepository\com\alibaba\dubbo\2.6.0\dubbo-2.6.0.jar;D:\Java\maven\myrepository\org\springframework\spring-context\5.2.4.RELEASE\spring-context-5.2.4.RELEASE.jar;D:\Java\maven\myreposito
Launcher Type: SUN_STANDARD

Environment Variables:
JAVA_HOME=D:\Java\jdk\soft
PATH=D:\Java\jdk\soft\bin;C:\Program Files (x86)\Common Files\Oracle\Java\javapath;C:\Windows\system32;C:\Windows;C:\Windows\System32\Wbem;C:\Windows\System32\WindowsPowerShell\v1.0\;D:\NodeJs\;C:\Users\Administrator\AppData\Roaming\npm
USERNAME=Administrator
OS=Windows_NT
PROCESSOR_IDENTIFIER=Intel64 Family 6 Model 61 Stepping 4, GenuineIntel



---------------  S Y S T E M  ---------------

OS: Windows 7 , 64 bit Build 7601 (6.1.7601.24094)

CPU:total 4 (initial active 4) (2 cores per cpu, 2 threads per core) family 6 model 61 stepping 4, cmov, cx8, fxsr, mmx, sse, sse2, sse3, ssse3, sse4.1, sse4.2, popcnt, avx, avx2, aes, clmul, erms, 3dnowpref, lzcnt, ht, tsc, tscinvbit, bmi1, bmi2, adx

Memory: 4k page, physical 8296420k(2001348k free), swap 11661456k(7988k free)

vm_info: Java HotSpot(TM) 64-Bit Server VM (25.241-b07) for windows-amd64 JRE (1.8.0_241-b07), built on Dec 11 2019 10:21:40 by "rejava" with MS VC++ 10.0 (VS2010)

time: Wed Mar 25 13:02:07 2020
timezone: 中国标准时间
elapsed time: 0 seconds (0d 0h 0m 0s)

