#
# There is insufficient memory for the Java Runtime Environment to continue.
# Native memory allocation (malloc) failed to allocate 32744 bytes for ChunkPool::allocate
# Possible reasons:
#   The system is out of physical RAM or swap space
#   The process is running with CompressedOops enabled, and the Java Heap may be blocking the growth of the native heap
# Possible solutions:
#   Reduce memory load on the system
#   Increase physical memory or swap space
#   Check if swap backing store is full
#   Decrease Java heap size (-Xmx/-Xms)
#   Decrease number of Java threads
#   Decrease Java thread stack sizes (-Xss)
#   Set larger code cache with -XX:ReservedCodeCacheSize=
#   JVM is running with Unscaled Compressed Oops mode in which the Java heap is
#     placed in the first 4GB address space. The Java Heap base address is the
#     maximum limit for the native heap growth. Please use -XX:HeapBaseMinAddress
#     to set the Java Heap base and to place the Java Heap above 4GB virtual address.
# This output file may be truncated or incomplete.
#
#  Out of Memory Error (allocation.cpp:272), pid=7460, tid=0x000000000000256c
#
# JRE version: Java(TM) SE Runtime Environment (8.0_241-b07) (build 1.8.0_241-b07)
# Java VM: Java HotSpot(TM) 64-Bit Server VM (25.241-b07 mixed mode windows-amd64 compressed oops)
# Failed to write core dump. Minidumps are not enabled by default on client versions of Windows
#

---------------  T H R E A D  ---------------

Current thread (0x0000000006a23800):  JavaThread "C1 CompilerThread2" daemon [_thread_in_native, id=9580, stack(0x00000000072b0000,0x00000000073b0000)]

Stack: [0x00000000072b0000,0x00000000073b0000]
[error occurred during error reporting (printing stack bounds), id 0xc0000005]

Native frames: (J=compiled Java code, j=interpreted, Vv=VM code, C=native code)


Current CompileTask:
C1:  34452 4585       1       java.text.SimpleDateFormat::subFormat (1260 bytes)


---------------  P R O C E S S  ---------------

Java Threads: ( => current thread )
  0x000000005e791800 JavaThread "DubboServerHandler-192.168.93.1:20884-thread-2" daemon [_thread_in_native, id=8784, stack(0x00000000627c0000,0x00000000628c0000)]
  0x000000005e790000 JavaThread "DefaultMessageListenerContainer-6" [_thread_blocked, id=9692, stack(0x0000000062620000,0x0000000062720000)]
  0x000000000c74a000 JavaThread "ActiveMQ InactivityMonitor WriteCheckTimer" daemon [_thread_blocked, id=1136, stack(0x0000000062300000,0x0000000062400000)]
  0x000000000c74b000 JavaThread "ActiveMQ Transport: tcp:///192.168.91.129:61616@55629" [_thread_in_native, id=9008, stack(0x000000005f710000,0x000000005f810000)]
  0x000000000c749800 JavaThread "ActiveMQ InactivityMonitor ReadCheckTimer" daemon [_thread_blocked, id=8880, stack(0x0000000062470000,0x0000000062570000)]
  0x000000005e78f800 JavaThread "RMI TCP Connection(idle)" daemon [_thread_blocked, id=7888, stack(0x00000000620b0000,0x00000000621b0000)]
  0x000000005e78e800 JavaThread "RMI TCP Connection(idle)" daemon [_thread_blocked, id=6248, stack(0x0000000061f40000,0x0000000062040000)]
  0x000000005e78e000 JavaThread "DestroyJavaVM" [_thread_blocked, id=4164, stack(0x0000000002600000,0x0000000002700000)]
  0x000000005e78d000 JavaThread "http-nio-8076-Acceptor" daemon [_thread_in_native, id=8908, stack(0x0000000061c90000,0x0000000061d90000)]
  0x000000005e78c800 JavaThread "http-nio-8076-ClientPoller" daemon [_thread_in_native, id=9796, stack(0x0000000061ae0000,0x0000000061be0000)]
  0x000000005e78b800 JavaThread "http-nio-8076-exec-10" daemon [_thread_blocked, id=9968, stack(0x0000000061620000,0x0000000061720000)]
  0x000000005e78b000 JavaThread "http-nio-8076-exec-9" daemon [_thread_blocked, id=8172, stack(0x0000000061830000,0x0000000061930000)]
  0x000000005e77c800 JavaThread "http-nio-8076-exec-8" daemon [_thread_blocked, id=8300, stack(0x0000000061950000,0x0000000061a50000)]
  0x000000005e77b800 JavaThread "http-nio-8076-exec-7" daemon [_thread_blocked, id=1264, stack(0x0000000061720000,0x0000000061820000)]
  0x000000005e77b000 JavaThread "http-nio-8076-exec-6" daemon [_thread_blocked, id=10136, stack(0x00000000613a0000,0x00000000614a0000)]
  0x000000005e77a000 JavaThread "http-nio-8076-exec-5" daemon [_thread_blocked, id=8204, stack(0x00000000604b0000,0x00000000605b0000)]
  0x000000005e779800 JavaThread "http-nio-8076-exec-4" daemon [_thread_blocked, id=3496, stack(0x00000000614a0000,0x00000000615a0000)]
  0x000000005e778800 JavaThread "http-nio-8076-exec-3" daemon [_thread_blocked, id=9672, stack(0x0000000061290000,0x0000000061390000)]
  0x000000005e778000 JavaThread "http-nio-8076-exec-2" daemon [_thread_blocked, id=7980, stack(0x0000000061160000,0x0000000061260000)]
  0x000000005e777000 JavaThread "http-nio-8076-exec-1" daemon [_thread_blocked, id=8556, stack(0x00000000064d0000,0x00000000065d0000)]
  0x000000005e776800 JavaThread "http-nio-8076-BlockPoller" daemon [_thread_in_native, id=9320, stack(0x0000000060f30000,0x0000000061030000)]
  0x000000005e775800 JavaThread "DubboSaveRegistryCache-thread-1" daemon [_thread_blocked, id=5304, stack(0x000000005ff70000,0x0000000060070000)]
  0x000000005e626000 JavaThread "New I/O server worker #1-1" daemon [_thread_in_native, id=7788, stack(0x0000000061030000,0x0000000061130000)]
  0x000000005e622000 JavaThread "DubboServerHandler-192.168.93.1:20884-thread-1" daemon [_thread_blocked, id=3460, stack(0x0000000060e30000,0x0000000060f30000)]
  0x000000005e625000 JavaThread "DubboFutureCallbackDefault-thread-1" daemon [_thread_blocked, id=8248, stack(0x0000000060d30000,0x0000000060e30000)]
  0x000000005e624800 JavaThread "DubboZkclientConnector-EventThread" daemon [_thread_blocked, id=1660, stack(0x0000000060b40000,0x0000000060c40000)]
  0x000000005e623800 JavaThread "DubboZkclientConnector-SendThread(192.168.91.129:2181)" daemon [_thread_in_native, id=3492, stack(0x00000000609f0000,0x0000000060af0000)]
  0x000000005e623000 JavaThread "ZkClient-EventThread-49-192.168.91.129:2181" daemon [_thread_blocked, id=6380, stack(0x00000000608e0000,0x00000000609e0000)]
  0x000000005e621800 JavaThread "DubboRegistryFailedRetryTimer-thread-1" daemon [_thread_blocked, id=6700, stack(0x00000000607d0000,0x00000000608d0000)]
  0x000000005e620800 JavaThread "dubbo-remoting-server-heartbeat-thread-1" daemon [_thread_blocked, id=7908, stack(0x00000000605d0000,0x00000000606d0000)]
  0x000000005e620000 JavaThread "New I/O server boss #1 ([id: 0x0b70fa38, /0:0:0:0:0:0:0:0:20884])" daemon [_thread_in_native, id=7764, stack(0x0000000060390000,0x0000000060490000)]
  0x000000000c748800 JavaThread "qos-boss-4-1" daemon [_thread_in_native, id=10224, stack(0x000000005f870000,0x000000005f970000)]
  0x000000000c747000 JavaThread "mysql-cj-abandoned-connection-cleanup" daemon [_thread_blocked, id=8616, stack(0x000000005eff0000,0x000000005f0f0000)]
  0x000000000c746800 JavaThread "container-0" [_thread_blocked, id=7484, stack(0x000000000e930000,0x000000000ea30000)]
  0x000000000c745800 JavaThread "Catalina-utility-2" [_thread_blocked, id=7840, stack(0x000000000eaa0000,0x000000000eba0000)]
  0x000000000c745000 JavaThread "Catalina-utility-1" [_thread_blocked, id=9160, stack(0x00000000071a0000,0x00000000072a0000)]
  0x0000000006ffe000 JavaThread "RMI Scheduler(0)" daemon [_thread_blocked, id=8704, stack(0x0000000007670000,0x0000000007770000)]
  0x0000000006fc2800 JavaThread "RMI TCP Connection(idle)" daemon [_thread_blocked, id=9472, stack(0x000000000c5d0000,0x000000000c6d0000)]
  0x0000000006d6f000 JavaThread "RMI TCP Accept-0" daemon [_thread_in_native, id=9536, stack(0x000000000c140000,0x000000000c240000)]
  0x0000000006a59000 JavaThread "Service Thread" daemon [_thread_blocked, id=9368, stack(0x00000000073c0000,0x00000000074c0000)]
=>0x0000000006a23800 JavaThread "C1 CompilerThread2" daemon [_thread_in_native, id=9580, stack(0x00000000072b0000,0x00000000073b0000)]
  0x0000000006a1c800 JavaThread "C2 CompilerThread1" daemon [_thread_blocked, id=8652, stack(0x00000000062d0000,0x00000000063d0000)]
  0x0000000006a16000 JavaThread "C2 CompilerThread0" daemon [_thread_blocked, id=9604, stack(0x00000000070a0000,0x00000000071a0000)]
  0x0000000005a1d800 JavaThread "JDWP Command Reader" daemon [_thread_in_native, id=9080, stack(0x0000000006740000,0x0000000006840000)]
  0x0000000005a1c000 JavaThread "JDWP Event Helper Thread" daemon [_thread_blocked, id=6164, stack(0x00000000065d0000,0x00000000066d0000)]
  0x0000000005a0c000 JavaThread "JDWP Transport Listener: dt_socket" daemon [_thread_blocked, id=1188, stack(0x00000000063d0000,0x00000000064d0000)]
  0x00000000059e9800 JavaThread "Attach Listener" daemon [_thread_blocked, id=3712, stack(0x0000000005fd0000,0x00000000060d0000)]
  0x00000000059e8800 JavaThread "Signal Dispatcher" daemon [_thread_blocked, id=7260, stack(0x0000000005e30000,0x0000000005f30000)]
  0x0000000004753800 JavaThread "Finalizer" daemon [_thread_blocked, id=4840, stack(0x0000000005750000,0x0000000005850000)]
  0x000000000474a800 JavaThread "Reference Handler" daemon [_thread_blocked, id=7536, stack(0x00000000058e0000,0x00000000059e0000)]

Other Threads:
  0x0000000004702800 VMThread [stack: 0x0000000005650000,0x0000000005750000] [id=10132]
  0x0000000006d81000 WatcherThread [stack: 0x000000000c270000,0x000000000c370000] [id=6644]

VM state:not at safepoint (normal execution)

VM Mutex/Monitor currently owned by a thread: None

heap address: 0x0000000081600000, size: 2026 MB, Compressed Oops mode: 32-bit
Narrow klass base: 0x0000000000000000, Narrow klass shift: 0
Compressed class space size: 1073741824 Address: 0x000000001e010000

Heap:
 PSYoungGen      total 198656K, used 95321K [0x00000000d5d00000, 0x00000000e2b00000, 0x0000000100000000)
  eden space 186368K, 44% used [0x00000000d5d00000,0x00000000dae18550,0x00000000e1300000)
  from space 12288K, 99% used [0x00000000e1300000,0x00000000e1efe050,0x00000000e1f00000)
  to   space 11776K, 0% used [0x00000000e1f80000,0x00000000e1f80000,0x00000000e2b00000)
 ParOldGen       total 90112K, used 20451K [0x0000000081600000, 0x0000000086e00000, 0x00000000d5d00000)
  object space 90112K, 22% used [0x0000000081600000,0x00000000829f8e08,0x0000000086e00000)
 Metaspace       used 48631K, capacity 51050K, committed 51200K, reserved 1093632K
  class space    used 6366K, capacity 6798K, committed 6912K, reserved 1048576K

Card table byte_map: [0x0000000002c40000,0x0000000003040000] byte_map_base: 0x0000000002835000

Marking Bits: (ParMarkBitMap*) 0x00000000080dbe30
 Begin Bits: [0x0000000008160000, 0x000000000a108000)
 End Bits:   [0x000000000a108000, 0x000000000c0b0000)

Polling page: 0x0000000001f80000

CodeCache: size=245760Kb used=9191Kb max_used=9191Kb free=236568Kb
 bounds [0x000000000f010000, 0x000000000f910000, 0x000000001e010000]
 total_blobs=5035 nmethods=4504 adapters=450
 compilation: enabled

Compilation events (10 events):
Event: 34.355 Thread 0x0000000006a23800 nmethod 4580 0x000000000f9045d0 code [0x000000000f904720, 0x000000000f904870]
Event: 34.366 Thread 0x0000000006a23800 4581   !   1       sun.misc.ProxyGenerator::generateClassFile (680 bytes)
Event: 34.367 Thread 0x0000000006a23800 

Event: 34.367 Thread 0x0000000006a23800 4582       1       sun.misc.ProxyGenerator$ProxyMethod::codeWrapArgument (171 bytes)
Event: 34.368 Thread 0x0000000006a23800 nmethod 4582 0x000000000f904910 code [0x000000000f904bc0, 0x000000000f905568]
Event: 34.370 Thread 0x0000000006a23800 4583       1       sun.misc.ProxyGenerator::generateStaticInitializer (457 bytes)
Event: 34.375 Thread 0x0000000006a23800 nmethod 4583 0x000000000f9062d0 code [0x000000000f9068a0, 0x000000000f908ae8]
Event: 34.375 Thread 0x0000000006a23800 4584       1       sun.misc.ProxyGenerator$ConstantPool::write (64 bytes)
Event: 34.376 Thread 0x0000000006a23800 nmethod 4584 0x000000000f90af90 code [0x000000000f90b160, 0x000000000f90b568]
Event: 34.437 Thread 0x0000000006a23800 4585       1       java.text.SimpleDateFormat::subFormat (1260 bytes)

GC Heap History (10 events):
Event: 5.817 GC heap before
{Heap before GC invocations=9 (full 1):
 PSYoungGen      total 138240K, used 137042K [0x00000000d5d00000, 0x00000000e0200000, 0x0000000100000000)
  eden space 129024K, 100% used [0x00000000d5d00000,0x00000000ddb00000,0x00000000ddb00000)
  from space 9216K, 87% used [0x00000000ddb00000,0x00000000de2d4af8,0x00000000de400000)
  to   space 10240K, 0% used [0x00000000df800000,0x00000000df800000,0x00000000e0200000)
 ParOldGen       total 60928K, used 9151K [0x0000000081600000, 0x0000000085180000, 0x00000000d5d00000)
  object space 60928K, 15% used [0x0000000081600000,0x0000000081eefd90,0x0000000085180000)
 Metaspace       used 31654K, capacity 33272K, committed 33536K, reserved 1079296K
  class space    used 4165K, capacity 4510K, committed 4608K, reserved 1048576K
Event: 5.830 GC heap after
Heap after GC invocations=9 (full 1):
 PSYoungGen      total 157184K, used 10224K [0x00000000d5d00000, 0x00000000e2700000, 0x0000000100000000)
  eden space 146944K, 0% used [0x00000000d5d00000,0x00000000d5d00000,0x00000000dec80000)
  from space 10240K, 99% used [0x00000000df800000,0x00000000e01fc3b8,0x00000000e0200000)
  to   space 11776K, 0% used [0x00000000dec80000,0x00000000dec80000,0x00000000df800000)
 ParOldGen       total 60928K, used 9472K [0x0000000081600000, 0x0000000085180000, 0x00000000d5d00000)
  object space 60928K, 15% used [0x0000000081600000,0x0000000081f40048,0x0000000085180000)
 Metaspace       used 31654K, capacity 33272K, committed 33536K, reserved 1079296K
  class space    used 4165K, capacity 4510K, committed 4608K, reserved 1048576K
}
Event: 6.029 GC heap before
{Heap before GC invocations=10 (full 1):
 PSYoungGen      total 157184K, used 38908K [0x00000000d5d00000, 0x00000000e2700000, 0x0000000100000000)
  eden space 146944K, 19% used [0x00000000d5d00000,0x00000000d7902c58,0x00000000dec80000)
  from space 10240K, 99% used [0x00000000df800000,0x00000000e01fc3b8,0x00000000e0200000)
  to   space 11776K, 0% used [0x00000000dec80000,0x00000000dec80000,0x00000000df800000)
 ParOldGen       total 60928K, used 9472K [0x0000000081600000, 0x0000000085180000, 0x00000000d5d00000)
  object space 60928K, 15% used [0x0000000081600000,0x0000000081f40048,0x0000000085180000)
 Metaspace       used 33645K, capacity 35342K, committed 35496K, reserved 1079296K
  class space    used 4428K, capacity 4767K, committed 4864K, reserved 1048576K
Event: 6.039 GC heap after
Heap after GC invocations=10 (full 1):
 PSYoungGen      total 158720K, used 9324K [0x00000000d5d00000, 0x00000000e2b80000, 0x0000000100000000)
  eden space 146944K, 0% used [0x00000000d5d00000,0x00000000d5d00000,0x00000000dec80000)
  from space 11776K, 79% used [0x00000000dec80000,0x00000000df59b2f8,0x00000000df800000)
  to   space 12288K, 0% used [0x00000000e1f80000,0x00000000e1f80000,0x00000000e2b80000)
 ParOldGen       total 60928K, used 9480K [0x0000000081600000, 0x0000000085180000, 0x00000000d5d00000)
  object space 60928K, 15% used [0x0000000081600000,0x0000000081f42048,0x0000000085180000)
 Metaspace       used 33645K, capacity 35342K, committed 35496K, reserved 1079296K
  class space    used 4428K, capacity 4767K, committed 4864K, reserved 1048576K
}
Event: 6.039 GC heap before
{Heap before GC invocations=11 (full 2):
 PSYoungGen      total 158720K, used 9324K [0x00000000d5d00000, 0x00000000e2b80000, 0x0000000100000000)
  eden space 146944K, 0% used [0x00000000d5d00000,0x00000000d5d00000,0x00000000dec80000)
  from space 11776K, 79% used [0x00000000dec80000,0x00000000df59b2f8,0x00000000df800000)
  to   space 12288K, 0% used [0x00000000e1f80000,0x00000000e1f80000,0x00000000e2b80000)
 ParOldGen       total 60928K, used 9480K [0x0000000081600000, 0x0000000085180000, 0x00000000d5d00000)
  object space 60928K, 15% used [0x0000000081600000,0x0000000081f42048,0x0000000085180000)
 Metaspace       used 33645K, capacity 35342K, committed 35496K, reserved 1079296K
  class space    used 4428K, capacity 4767K, committed 4864K, reserved 1048576K
Event: 6.125 GC heap after
Heap after GC invocations=11 (full 2):
 PSYoungGen      total 158720K, used 0K [0x00000000d5d00000, 0x00000000e2b80000, 0x0000000100000000)
  eden space 146944K, 0% used [0x00000000d5d00000,0x00000000d5d00000,0x00000000dec80000)
  from space 11776K, 0% used [0x00000000dec80000,0x00000000dec80000,0x00000000df800000)
  to   space 12288K, 0% used [0x00000000e1f80000,0x00000000e1f80000,0x00000000e2b80000)
 ParOldGen       total 90112K, used 14381K [0x0000000081600000, 0x0000000086e00000, 0x00000000d5d00000)
  object space 90112K, 15% used [0x0000000081600000,0x000000008240b490,0x0000000086e00000)
 Metaspace       used 33645K, capacity 35342K, committed 35496K, reserved 1079296K
  class space    used 4428K, capacity 4767K, committed 4864K, reserved 1048576K
}
Event: 7.131 GC heap before
{Heap before GC invocations=12 (full 2):
 PSYoungGen      total 158720K, used 146944K [0x00000000d5d00000, 0x00000000e2b80000, 0x0000000100000000)
  eden space 146944K, 100% used [0x00000000d5d00000,0x00000000dec80000,0x00000000dec80000)
  from space 11776K, 0% used [0x00000000dec80000,0x00000000dec80000,0x00000000df800000)
  to   space 12288K, 0% used [0x00000000e1f80000,0x00000000e1f80000,0x00000000e2b80000)
 ParOldGen       total 90112K, used 14381K [0x0000000081600000, 0x0000000086e00000, 0x00000000d5d00000)
  object space 90112K, 15% used [0x0000000081600000,0x000000008240b490,0x0000000086e00000)
 Metaspace       used 39099K, capacity 41040K, committed 41216K, reserved 1085440K
  class space    used 5176K, capacity 5564K, committed 5632K, reserved 1048576K
Event: 7.144 GC heap after
Heap after GC invocations=12 (full 2):
 PSYoungGen      total 198144K, used 8507K [0x00000000d5d00000, 0x00000000e2b00000, 0x0000000100000000)
  eden space 186368K, 0% used [0x00000000d5d00000,0x00000000d5d00000,0x00000000e1300000)
  from space 11776K, 72% used [0x00000000e1f80000,0x00000000e27cee30,0x00000000e2b00000)
  to   space 12288K, 0% used [0x00000000e1300000,0x00000000e1300000,0x00000000e1f00000)
 ParOldGen       total 90112K, used 14389K [0x0000000081600000, 0x0000000086e00000, 0x00000000d5d00000)
  object space 90112K, 15% used [0x0000000081600000,0x000000008240d490,0x0000000086e00000)
 Metaspace       used 39099K, capacity 41040K, committed 41216K, reserved 1085440K
  class space    used 5176K, capacity 5564K, committed 5632K, reserved 1048576K
}
Event: 8.879 GC heap before
{Heap before GC invocations=13 (full 2):
 PSYoungGen      total 198144K, used 194875K [0x00000000d5d00000, 0x00000000e2b00000, 0x0000000100000000)
  eden space 186368K, 100% used [0x00000000d5d00000,0x00000000e1300000,0x00000000e1300000)
  from space 11776K, 72% used [0x00000000e1f80000,0x00000000e27cee30,0x00000000e2b00000)
  to   space 12288K, 0% used [0x00000000e1300000,0x00000000e1300000,0x00000000e1f00000)
 ParOldGen       total 90112K, used 14389K [0x0000000081600000, 0x0000000086e00000, 0x00000000d5d00000)
  object space 90112K, 15% used [0x0000000081600000,0x000000008240d490,0x0000000086e00000)
 Metaspace       used 44991K, capacity 47248K, committed 47360K, reserved 1089536K
  class space    used 5932K, capacity 6345K, committed 6400K, reserved 1048576K
Event: 8.901 GC heap after
Heap after GC invocations=13 (full 2):
 PSYoungGen      total 198656K, used 12280K [0x00000000d5d00000, 0x00000000e2b00000, 0x0000000100000000)
  eden space 186368K, 0% used [0x00000000d5d00000,0x00000000d5d00000,0x00000000e1300000)
  from space 12288K, 99% used [0x00000000e1300000,0x00000000e1efe050,0x00000000e1f00000)
  to   space 11776K, 0% used [0x00000000e1f80000,0x00000000e1f80000,0x00000000e2b00000)
 ParOldGen       total 90112K, used 20451K [0x0000000081600000, 0x0000000086e00000, 0x00000000d5d00000)
  object space 90112K, 22% used [0x0000000081600000,0x00000000829f8e08,0x0000000086e00000)
 Metaspace       used 44991K, capacity 47248K, committed 47360K, reserved 1089536K
  class space    used 5932K, capacity 6345K, committed 6400K, reserved 1048576K
}

Deoptimization events (0 events):
No events

Classes redefined (0 events):
No events

Internal exceptions (10 events):
Event: 8.472 Thread 0x000000000240f000 Exception <a 'java/lang/ClassNotFoundException': org/springframework/context/ApplicationContextAwareCustomizer> (0x00000000df4fb228) thrown at [C:\ade\jenkins\workspace\8-2-build-windows-amd64-cygwin\jdk8u241\331\hotspot\src\share\vm\classfile\systemDicti
Event: 8.473 Thread 0x000000000240f000 Exception <a 'java/lang/ClassNotFoundException': org/springframework/beans/factory/AwareCustomizer> (0x00000000df51c130) thrown at [C:\ade\jenkins\workspace\8-2-build-windows-amd64-cygwin\jdk8u241\331\hotspot\src\share\vm\classfile\systemDictionary.cpp, l
Event: 8.473 Thread 0x000000000240f000 Exception <a 'java/lang/ClassNotFoundException': org/springframework/context/ApplicationListenerCustomizer> (0x00000000df53ec38) thrown at [C:\ade\jenkins\workspace\8-2-build-windows-amd64-cygwin\jdk8u241\331\hotspot\src\share\vm\classfile\systemDictionar
Event: 8.474 Thread 0x000000000240f000 Exception <a 'java/lang/ClassNotFoundException': java/util/EventListenerCustomizer> (0x00000000df54c188) thrown at [C:\ade\jenkins\workspace\8-2-build-windows-amd64-cygwin\jdk8u241\331\hotspot\src\share\vm\classfile\systemDictionary.cpp, line 210]
Event: 8.474 Thread 0x000000000240f000 Exception <a 'java/lang/ClassNotFoundException': org/springframework/beans/factory/BeanNameAwareCustomizer> (0x00000000df56ecd8) thrown at [C:\ade\jenkins\workspace\8-2-build-windows-amd64-cygwin\jdk8u241\331\hotspot\src\share\vm\classfile\systemDictionar
Event: 8.475 Thread 0x000000000240f000 Exception <a 'java/lang/ClassNotFoundException': org/springframework/beans/factory/AwareCustomizer> (0x00000000df58f5b8) thrown at [C:\ade\jenkins\workspace\8-2-build-windows-amd64-cygwin\jdk8u241\331\hotspot\src\share\vm\classfile\systemDictionary.cpp, l
Event: 8.736 Thread 0x000000000240f000 Exception <a 'java/lang/ArrayIndexOutOfBoundsException'> (0x00000000e000ed50) thrown at [C:\ade\jenkins\workspace\8-2-build-windows-amd64-cygwin\jdk8u241\331\hotspot\src\share\vm\runtime\sharedRuntime.cpp, line 605]
Event: 23.858 Thread 0x000000005e790000 Exception <a 'java/net/SocketException': Socket closed> (0x00000000d921fa18) thrown at [C:\ade\jenkins\workspace\8-2-build-windows-amd64-cygwin\jdk8u241\331\hotspot\src\share\vm\prims\jni.cpp, line 736]
Event: 28.893 Thread 0x000000005e790000 Exception <a 'java/net/SocketException': Socket closed> (0x00000000d93946f8) thrown at [C:\ade\jenkins\workspace\8-2-build-windows-amd64-cygwin\jdk8u241\331\hotspot\src\share\vm\prims\jni.cpp, line 736]
Event: 33.930 Thread 0x000000000c749800 Exception <a 'java/net/SocketException': Socket closed> (0x00000000d95c3a20) thrown at [C:\ade\jenkins\workspace\8-2-build-windows-amd64-cygwin\jdk8u241\331\hotspot\src\share\vm\prims\jni.cpp, line 736]

Events (10 events):
Event: 34.441 Thread 0x000000005e791800 DEOPT PACKING pc=0x000000000f2036ac sp=0x00000000628bbf10
Event: 34.441 Thread 0x000000005e791800 DEOPT UNPACKING pc=0x000000000f057890 sp=0x00000000628bbd30 mode 1
Event: 34.442 loading class io/lettuce/core/KqueueProvider$KqueueResources
Event: 34.442 loading class io/lettuce/core/KqueueProvider$KqueueResources done
Event: 34.442 Thread 0x000000005e791800 DEOPT PACKING pc=0x000000000f220579 sp=0x00000000628b9720
Event: 34.442 Thread 0x000000005e791800 DEOPT UNPACKING pc=0x000000000f057890 sp=0x00000000628b9470 mode 1
Event: 34.442 Thread 0x000000005e791800 DEOPT PACKING pc=0x000000000f203764 sp=0x00000000628b97a0
Event: 34.442 Thread 0x000000005e791800 DEOPT UNPACKING pc=0x000000000f057890 sp=0x00000000628b95c0 mode 1
Event: 34.442 Thread 0x000000005e791800 DEOPT PACKING pc=0x000000000f2036ac sp=0x00000000628b9930
Event: 34.442 Thread 0x000000005e791800 DEOPT UNPACKING pc=0x000000000f057890 sp=0x00000000628b9750 mode 1


Dynamic libraries:
0x000000013f170000 - 0x000000013f1a7000 	D:\Java\jdk\soft\bin\java.exe
0x0000000076d80000 - 0x0000000076f1f000 	C:\Windows\SYSTEM32\ntdll.dll
0x0000000076b60000 - 0x0000000076c7f000 	C:\Windows\system32\kernel32.dll
0x000007fefcd60000 - 0x000007fefcdca000 	C:\Windows\system32\KERNELBASE.dll
0x000007fefcf80000 - 0x000007fefd05b000 	C:\Windows\system32\ADVAPI32.DLL
0x000007fefcee0000 - 0x000007fefcf7f000 	C:\Windows\system32\msvcrt.dll
0x000007fefef20000 - 0x000007fefef3f000 	C:\Windows\SYSTEM32\sechost.dll
0x000007fefef40000 - 0x000007feff06d000 	C:\Windows\system32\RPCRT4.dll
0x0000000076c80000 - 0x0000000076d7a000 	C:\Windows\system32\USER32.dll
0x000007fefeeb0000 - 0x000007fefef17000 	C:\Windows\system32\GDI32.dll
0x000007fefd060000 - 0x000007fefd06e000 	C:\Windows\system32\LPK.dll
0x000007fefd890000 - 0x000007fefd95b000 	C:\Windows\system32\USP10.dll
0x000007fefa130000 - 0x000007fefa324000 	C:\Windows\WinSxS\amd64_microsoft.windows.common-controls_6595b64144ccf1df_6.0.7601.18837_none_fa3b1e3d17594757\COMCTL32.dll
0x000007fefce60000 - 0x000007fefced1000 	C:\Windows\system32\SHLWAPI.dll
0x000007fefdde0000 - 0x000007fefde0e000 	C:\Windows\system32\IMM32.DLL
0x000007fefdcd0000 - 0x000007fefddd9000 	C:\Windows\system32\MSCTF.dll
0x000007fefc980000 - 0x000007fefc9b1000 	C:\Windows\system32\nvinitx.dll
0x000007fefc970000 - 0x000007fefc97c000 	C:\Windows\system32\VERSION.dll
0x000000000f000000 - 0x000000000f006000 	C:\Program Files\NVIDIA Corporation\CoProcManager\detoured.dll
0x000007fef8b10000 - 0x000007fef8b42000 	C:\Program Files\NVIDIA Corporation\CoProcManager\nvd3d9wrapx.dll
0x000007fefd200000 - 0x000007fefd3d7000 	C:\Windows\system32\SETUPAPI.dll
0x000007fefcac0000 - 0x000007fefcaf6000 	C:\Windows\system32\CFGMGR32.dll
0x000007fefe040000 - 0x000007fefe11a000 	C:\Windows\system32\OLEAUT32.dll
0x000007fefde40000 - 0x000007fefe03d000 	C:\Windows\system32\ole32.dll
0x000007fefcb10000 - 0x000007fefcb2a000 	C:\Windows\system32\DEVOBJ.dll
0x000007fef8ae0000 - 0x000007fef8b02000 	C:\Program Files\NVIDIA Corporation\CoProcManager\nvdxgiwrapx.dll
0x00000000691c0000 - 0x0000000069292000 	D:\Java\jdk\soft\jre\bin\msvcr100.dll
0x00000000078b0000 - 0x000000000815c000 	D:\Java\jdk\soft\jre\bin\server\jvm.dll
0x000007feeffa0000 - 0x000007feeffa9000 	C:\Windows\system32\WSOCK32.dll
0x000007fefce10000 - 0x000007fefce5d000 	C:\Windows\system32\WS2_32.dll
0x000007fefde10000 - 0x000007fefde18000 	C:\Windows\system32\NSI.dll
0x000007fef8a00000 - 0x000007fef8a3b000 	C:\Windows\system32\WINMM.dll
0x0000000076f20000 - 0x0000000076f27000 	C:\Windows\system32\PSAPI.DLL
0x000007fefb830000 - 0x000007fefb83f000 	D:\Java\jdk\soft\jre\bin\verify.dll
0x000007fef0d80000 - 0x000007fef0da9000 	D:\Java\jdk\soft\jre\bin\java.dll
0x000007feef1f0000 - 0x000007feef225000 	D:\Java\jdk\soft\jre\bin\jdwp.dll
0x000007fef93e0000 - 0x000007fef93e8000 	D:\Java\jdk\soft\jre\bin\npt.dll
0x000007fef0c70000 - 0x000007fef0c93000 	D:\Java\jdk\soft\jre\bin\instrument.dll
0x000007fef9190000 - 0x000007fef91a6000 	D:\Java\jdk\soft\jre\bin\zip.dll
0x000007fefe120000 - 0x000007fefeeab000 	C:\Windows\system32\SHELL32.dll
0x000007fefca60000 - 0x000007fefca6f000 	C:\Windows\system32\profapi.dll
0x000007fef93d0000 - 0x000007fef93d9000 	D:\Java\jdk\soft\jre\bin\dt_socket.dll
0x000007fefc2b0000 - 0x000007fefc305000 	C:\Windows\system32\mswsock.dll
0x000007fefbd20000 - 0x000007fefbd27000 	C:\Windows\System32\wshtcpip.dll
0x000007fef0500000 - 0x000007fef051a000 	D:\Java\jdk\soft\jre\bin\net.dll
0x000007fefc3f0000 - 0x000007fefc3f7000 	C:\Windows\System32\wship6.dll
0x000007fefc000000 - 0x000007fefc05b000 	C:\Windows\system32\DNSAPI.dll
0x000007fefb190000 - 0x000007fefb1b7000 	C:\Windows\system32\IPHLPAPI.DLL
0x000007fefb180000 - 0x000007fefb18b000 	C:\Windows\system32\WINNSI.DLL
0x000007fef7860000 - 0x000007fef7868000 	C:\Windows\system32\rasadhlp.dll
0x000007fefb010000 - 0x000007fefb063000 	C:\Windows\System32\fwpuclnt.dll
0x000007fef93c0000 - 0x000007fef93cd000 	D:\Java\jdk\soft\jre\bin\management.dll
0x000007feef230000 - 0x000007feef242000 	D:\Java\jdk\soft\jre\bin\nio.dll
0x000007fefc310000 - 0x000007fefc328000 	C:\Windows\system32\CRYPTSP.dll
0x000007fefbf10000 - 0x000007fefbf57000 	C:\Windows\system32\rsaenh.dll
0x000007fefcdd0000 - 0x000007fefcdee000 	C:\Windows\system32\USERENV.dll
0x000007fefc8a0000 - 0x000007fefc8af000 	C:\Windows\system32\CRYPTBASE.dll
0x000007fefaf90000 - 0x000007fefafa8000 	C:\Windows\system32\dhcpcsvc.DLL
0x000007fefaf70000 - 0x000007fefaf81000 	C:\Windows\system32\dhcpcsvc6.DLL
0x000007fefb390000 - 0x000007fefb3a5000 	C:\Windows\system32\NLAapi.dll
0x000007fef8f10000 - 0x000007fef8f25000 	C:\Windows\system32\napinsp.dll
0x000007fef8ef0000 - 0x000007fef8f09000 	C:\Windows\system32\pnrpnsp.dll
0x000007fef90f0000 - 0x000007fef90fb000 	C:\Windows\System32\winrnr.dll
0x000007fef8ee0000 - 0x000007fef8ef0000 	C:\Windows\system32\wshbth.dll

VM Arguments:
jvm_args: -agentlib:jdwp=transport=dt_socket,address=127.0.0.1:55556,suspend=y,server=n -XX:TieredStopAtLevel=1 -Xverify:none -Dspring.output.ansi.enabled=always -Dcom.sun.management.jmxremote -Dspring.jmx.enabled=true -Dspring.liveBeansView.mbeanDomain -Dspring.application.admin.enabled=true -javaagent:D:\java\idea\soft\system\captureAgent\debugger-agent.jar -Dfile.encoding=UTF-8 
java_command: com.gmall.GmallOrderServiceApplication
java_class_path (initial): D:\Java\jdk\soft\jre\lib\charsets.jar;D:\Java\jdk\soft\jre\lib\deploy.jar;D:\Java\jdk\soft\jre\lib\ext\access-bridge-64.jar;D:\Java\jdk\soft\jre\lib\ext\cldrdata.jar;D:\Java\jdk\soft\jre\lib\ext\dnsns.jar;D:\Java\jdk\soft\jre\lib\ext\jaccess.jar;D:\Java\jdk\soft\jre\lib\ext\jfxrt.jar;D:\Java\jdk\soft\jre\lib\ext\localedata.jar;D:\Java\jdk\soft\jre\lib\ext\nashorn.jar;D:\Java\jdk\soft\jre\lib\ext\sunec.jar;D:\Java\jdk\soft\jre\lib\ext\sunjce_provider.jar;D:\Java\jdk\soft\jre\lib\ext\sunmscapi.jar;D:\Java\jdk\soft\jre\lib\ext\sunpkcs11.jar;D:\Java\jdk\soft\jre\lib\ext\zipfs.jar;D:\Java\jdk\soft\jre\lib\javaws.jar;D:\Java\jdk\soft\jre\lib\jce.jar;D:\Java\jdk\soft\jre\lib\jfr.jar;D:\Java\jdk\soft\jre\lib\jfxswt.jar;D:\Java\jdk\soft\jre\lib\jsse.jar;D:\Java\jdk\soft\jre\lib\management-agent.jar;D:\Java\jdk\soft\jre\lib\plugin.jar;D:\Java\jdk\soft\jre\lib\resources.jar;D:\Java\jdk\soft\jre\lib\rt.jar;E:\WorlkSpacse\workSpace_idea\gmall\gmall-order-service\target\classes;E:\WorlkSpacse\workSpace_idea\gmall\gmall-service-util\target\classes;D:\Java\maven\myrepository\org\springframework\boot\spring-boot-starter-activemq\2.2.5.RELEASE\spring-boot-starter-activemq-2.2.5.RELEASE.jar;D:\Java\maven\myrepository\org\springframework\spring-jms\5.2.4.RELEASE\spring-jms-5.2.4.RELEASE.jar;D:\Java\maven\myrepository\org\springframework\spring-beans\5.2.4.RELEASE\spring-beans-5.2.4.RELEASE.jar;D:\Java\maven\myrepository\org\springframework\spring-messaging\5.2.4.RELEASE\spring-messaging-5.2.4.RELEASE.jar;D:\Java\maven\myrepository\org\springframework\spring-tx\5.2.4.RELEASE\spring-tx-5.2.4.RELEASE.jar;D:\Java\maven\myrepository\org\apache\activemq\activemq-broker\5.15.11\activemq-broker-5.15.11.jar;D:\Java\maven\myrepository\org\apache\activemq\activemq-openwire-legacy\5.15.11\activemq-openwire-legacy-5.15.11.jar;D:\Java\maven\myrepository\com\google\guava\guava\28.0-jre\guava-28.0-jre.jar;D:\Java\maven\myrepository\com\google\guava\failureaccess\1.0.1\fail
Launcher Type: SUN_STANDARD

Environment Variables:
JAVA_HOME=D:\Java\jdk\soft
PATH=D:\Java\maven\soft1.8\apache-maven-3.3.3\bin;D:\Java\jdk\soft\bin;C:\Program Files (x86)\Common Files\Oracle\Java\javapath;C:\Windows\system32;C:\Windows;C:\Windows\System32\Wbem;C:\Windows\System32\WindowsPowerShell\v1.0\;D:\NodeJs\;C:\Users\Administrator\AppData\Roaming\npm
USERNAME=Administrator
OS=Windows_NT
PROCESSOR_IDENTIFIER=Intel64 Family 6 Model 61 Stepping 4, GenuineIntel



---------------  S Y S T E M  ---------------

OS: Windows 7 , 64 bit Build 7601 (6.1.7601.24094)

CPU:total 4 (initial active 4) (2 cores per cpu, 2 threads per core) family 6 model 61 stepping 4, cmov, cx8, fxsr, mmx, sse, sse2, sse3, ssse3, sse4.1, sse4.2, popcnt, avx, avx2, aes, clmul, erms, 3dnowpref, lzcnt, ht, tsc, tscinvbit, bmi1, bmi2, adx

Memory: 4k page, physical 8296420k(1474624k free), swap 11661456k(4524k free)

vm_info: Java HotSpot(TM) 64-Bit Server VM (25.241-b07) for windows-amd64 JRE (1.8.0_241-b07), built on Dec 11 2019 10:21:40 by "rejava" with MS VC++ 10.0 (VS2010)

time: Thu Mar 26 17:56:51 2020
timezone: 中国标准时间
elapsed time: 34 seconds (0d 0h 0m 34s)

